<?xml version="1.0" encoding="UTF-8"?>
<!-- Generated by org.testng.reporters.JUnitXMLReporter -->
<testsuite hostname="Udaya_Yoga" ignored="0" name="Default test" tests="12" failures="0" timestamp="18 Dec 2022 16:54:43 GMT" time="13.626" errors="0">
  <testcase name="homePage" time="3.738" classname="com.NOPCommerce.NOPCommerce"/>
  <testcase name="myAccount" time="0.146" classname="com.NOPCommerce.NOPCommerce"/>
  <testcase name="logIn" time="1.993" classname="com.NOPCommerce.NOPCommerce"/>
  <testcase name="logInValidation" time="1.844" classname="com.NOPCommerce.NOPCommerce"/>
  <testcase name="landingPage" time="0.138" classname="com.NOPCommerce.NOPCommerce"/>
  <testcase name="productOptionsStoreDemo" time="0.08" classname="com.NOPCommerce.NOPCommerce"/>
  <testcase name="productOptionsShowcase" time="0.066" classname="com.NOPCommerce.NOPCommerce"/>
  <testcase name="productOptionsFeatures" time="0.065" classname="com.NOPCommerce.NOPCommerce"/>
  <testcase name="productOptionsWhyfordevelopers" time="0.052" classname="com.NOPCommerce.NOPCommerce"/>
  <testcase name="productOptionsWhyforstoreowners" time="0.059" classname="com.NOPCommerce.NOPCommerce"/>
  <testcase name="productOptionsIndustries" time="0.052" classname="com.NOPCommerce.NOPCommerce"/>
  <testcase name="logOutCheck" time="1.717" classname="com.NOPCommerce.NOPCommerce"/>
</testsuite> <!-- Default test -->
